TN:
SF:src/modules/statements/entities/Statement.ts
FN:45,Statement
FN:26,Object.<anonymous>.__decorate.name
FNF:2
FNH:0
FNDA:0,Statement
FNDA:0,Object.<anonymous>.__decorate.name
DA:1,1
DA:2,1
DA:3,1
DA:4,1
DA:5,1
DA:6,1
DA:7,1
DA:8,1
DA:9,1
DA:10,1
DA:11,1
DA:12,1
DA:13,1
DA:14,1
DA:15,1
DA:16,1
DA:17,1
DA:18,1
DA:19,1
DA:20,1
DA:21,1
DA:22,1
DA:23,1
DA:24,1
DA:25,1
DA:26,1
DA:27,1
DA:28,1
DA:29,1
DA:30,1
DA:31,1
DA:32,1
DA:33,1
DA:34,1
DA:35,1
DA:36,1
DA:37,1
DA:38,1
DA:39,1
DA:40,1
DA:41,1
DA:42,1
DA:43,1
DA:44,1
DA:45,1
DA:46,0
DA:47,0
DA:48,0
DA:49,0
DA:50,1
LF:50
LH:46
BRDA:13,0,0,1
BRDA:19,1,0,1
BRF:2
BRH:2
end_of_record
TN:
SF:src/modules/users/entities/User.ts
FN:35,User
FNF:1
FNH:1
FNDA:3,User
DA:1,1
DA:2,1
DA:3,1
DA:4,1
DA:5,1
DA:6,1
DA:7,1
DA:8,1
DA:9,1
DA:10,1
DA:11,1
DA:12,1
DA:13,1
DA:14,1
DA:15,1
DA:16,1
DA:17,1
DA:18,1
DA:19,1
DA:20,1
DA:21,1
DA:22,1
DA:23,1
DA:24,1
DA:25,1
DA:26,1
DA:27,1
DA:28,1
DA:29,1
DA:30,1
DA:31,1
DA:32,1
DA:33,1
DA:34,1
DA:35,1
DA:36,3
DA:37,3
DA:38,3
DA:39,3
DA:40,1
LF:40
LH:40
BRDA:13,0,0,1
BRDA:35,1,0,3
BRF:2
BRH:2
end_of_record
TN:
SF:src/modules/users/repositories/in-memory/InMemoryUsersRepository.ts
FN:6,InMemoryUsersRepository
FN:9,Object.<anonymous>.InMemoryUsersRepository.findByEmail
FN:13,Object.<anonymous>.InMemoryUsersRepository.findById
FN:17,Object.<anonymous>.InMemoryUsersRepository.create
FNF:4
FNH:4
FNDA:3,InMemoryUsersRepository
FNDA:4,Object.<anonymous>.InMemoryUsersRepository.findByEmail
FNDA:1,Object.<anonymous>.InMemoryUsersRepository.findById
FNDA:3,Object.<anonymous>.InMemoryUsersRepository.create
DA:1,1
DA:2,1
DA:3,1
DA:4,1
DA:5,1
DA:6,3
DA:7,3
DA:8,3
DA:9,3
DA:10,4
DA:11,4
DA:12,3
DA:13,3
DA:14,1
DA:15,1
DA:16,3
DA:17,3
DA:18,3
DA:19,3
DA:20,3
DA:21,3
DA:22,3
DA:23,3
LF:23
LH:23
BRDA:6,0,0,1
BRDA:6,1,0,3
BRDA:9,2,0,4
BRDA:10,3,0,1
BRDA:13,4,0,1
BRDA:14,5,0,1
BRDA:17,6,0,3
BRF:7
BRH:7
end_of_record
TN:
SF:src/modules/users/useCases/createUser/CreateUserError.ts
FN:4,CreateUserError
FNF:1
FNH:1
FNDA:1,CreateUserError
DA:1,1
DA:2,1
DA:3,1
DA:4,1
DA:5,1
DA:6,1
DA:7,1
LF:7
LH:7
BRDA:3,0,0,1
BRDA:4,1,0,1
BRF:2
BRH:2
end_of_record
TN:
SF:src/modules/users/useCases/createUser/CreateUserUseCase.ts
FN:11,CreateUserUseCase
FN:16,Object.<anonymous>.CreateUserUseCase.execute
FNF:2
FNH:2
FNDA:3,CreateUserUseCase
FNDA:4,Object.<anonymous>.CreateUserUseCase.execute
DA:1,1
DA:2,1
DA:3,1
DA:4,1
DA:5,1
DA:6,1
DA:7,1
DA:8,1
DA:9,1
DA:10,1
DA:11,1
DA:12,3
DA:13,3
DA:14,3
DA:15,1
DA:16,1
DA:17,4
DA:18,4
DA:19,4
DA:20,1
DA:21,1
DA:22,3
DA:23,3
DA:24,4
DA:25,4
DA:26,4
DA:27,4
DA:28,4
DA:29,4
DA:30,4
DA:31,4
DA:32,4
DA:33,1
LF:33
LH:33
BRDA:10,0,0,1
BRDA:11,1,0,3
BRDA:16,2,0,4
BRDA:17,3,0,4
BRDA:19,4,0,1
BRDA:22,5,0,3
BRF:6
BRH:6
end_of_record
TN:
SF:src/shared/errors/AppError.ts
FN:6,AppError
FNF:1
FNH:1
FNDA:1,AppError
DA:1,1
DA:2,1
DA:3,1
DA:4,1
DA:5,1
DA:6,1
DA:7,1
DA:8,1
DA:9,1
DA:10,1
LF:10
LH:10
BRDA:1,0,0,1
BRDA:6,1,0,1
BRF:2
BRH:2
end_of_record
